node:internal/modules/cjs/loader:1423
  throw err;
  ^

Error: Cannot find module 'date-fns'
Require stack:
- /Users/loki/Desktop/pelocal_/Planner-AI/Backend/utils/finalReportScheduler.js
- /Users/loki/Desktop/pelocal_/Planner-AI/Backend/index.js
    at Module._resolveFilename (node:internal/modules/cjs/loader:1420:15)
    at defaultResolveImpl (node:internal/modules/cjs/loader:1058:19)
    at resolveForCJSWithHooks (node:internal/modules/cjs/loader:1063:22)
    at Module._load (node:internal/modules/cjs/loader:1226:37)
    at TracingChannel.traceSync (node:diagnostics_channel:328:14)
    at wrapModuleLoad (node:internal/modules/cjs/loader:245:24)
    at Module.require (node:internal/modules/cjs/loader:1503:12)
    at require (node:internal/modules/helpers:152:16)
    at Object.<anonymous> (/Users/loki/Desktop/pelocal_/Planner-AI/Backend/utils/finalReportScheduler.js:14:50)
    at Module._compile (node:internal/modules/cjs/loader:1760:14) {
  code: 'MODULE_NOT_FOUND',
  requireStack: [
    '/Users/loki/Desktop/pelocal_/Planner-AI/Backend/utils/finalReportScheduler.js',
    '/Users/loki/Desktop/pelocal_/Planner-AI/Backend/index.js'
  ]
}

Node.js v25.1.0
